<?xml version="1.0" encoding="UTF-8"?>
<!-- Generated by org.testng.reporters.JUnitXMLReporter -->
<testsuite ignored="0" hostname="STS-1982" failures="1" tests="1" name="Test" time="39.671" errors="0" timestamp="2023-12-22T19:03:08 IST">
  <testcase classname="MobileAutomation.EcomerceTest2" name="FillForm" time="38.458">
    <failure type="java.lang.AssertionError" message="expected [Jordan 6] but found [Jordan 6 Rings]">
      <![CDATA[java.lang.AssertionError: expected [Jordan 6] but found [Jordan 6 Rings]
at MobileAutomation.EcomerceTest2.FillForm(EcomerceTest2.java:51)
at java.base/java.util.ArrayList.forEach(ArrayList.java:1511)
... Removed 32 stack frames]]>
    </failure>
  </testcase> <!-- FillForm -->
</testsuite> <!-- Test -->
