<?xml version="1.0" encoding="UTF-8"?>
<testng-results ignored="0" total="1" passed="1" failed="0" skipped="0">
  <reporter-output>
  </reporter-output>
  <suite started-at="2024-01-02T14:38:04 IST" name="Default suite" finished-at="2024-01-02T14:38:30 IST" duration-ms="26333">
    <groups>
    </groups>
    <test started-at="2024-01-02T14:38:04 IST" name="Default test" finished-at="2024-01-02T14:38:30 IST" duration-ms="26333">
      <class name="MobileAutomation.EcomerceTest">
        <test-method signature="FillForm()[pri:0, instance:MobileAutomation.EcomerceTest@56cdfb3b]" started-at="2024-01-02T14:38:04 IST" name="FillForm" finished-at="2024-01-02T14:38:30 IST" duration-ms="26271" status="PASS">
          <reporter-output>
          </reporter-output>
        </test-method> <!-- FillForm -->
      </class> <!-- MobileAutomation.EcomerceTest -->
    </test> <!-- Default test -->
  </suite> <!-- Default suite -->
</testng-results>
